app/manifest-merger-Basik-release-report.txt
-- Merging decision tree log ---
manifest
ADDED from AndroidManifest.xml:1:1
	xmlns:android
		ADDED from AndroidManifest.xml:1:11
	package
		ADDED from AndroidManifest.xml:2:5
		INJECTED from AndroidManifest.xml:0:0
		INJECTED from AndroidManifest.xml:0:0
	android:versionName
		INJECTED from AndroidManifest.xml:0:0
		INJECTED from AndroidManifest.xml:0:0
	android:versionCode
		INJECTED from AndroidManifest.xml:0:0
		INJECTED from AndroidManifest.xml:0:0
application
ADDED from AndroidManifest.xml:3:5
MERGED from com.android.support:palette-v7:21.0.2:16:5
MERGED from com.android.support:support-v4:21.0.2:16:5
MERGED from com.android.support:support-v4:21.0.2:16:5
MERGED from com.android.support:appcompat-v7:21.0.2:16:5
MERGED from com.android.support:support-v4:21.0.2:16:5
	android:label
		ADDED from AndroidManifest.xml:4:9
	android:allowBackup
		ADDED from AndroidManifest.xml:5:9
	android:icon
		ADDED from AndroidManifest.xml:3:18
	android:theme
		ADDED from AndroidManifest.xml:6:9
activity#skylimit.themetemplate.MainActivity
ADDED from AndroidManifest.xml:7:9
	android:label
		ADDED from AndroidManifest.xml:8:13
	android:name
		ADDED from AndroidManifest.xml:7:19
intent-filter#android.intent.action.MAIN+android.intent.category.LAUNCHER+skylimit.face.THEME
ADDED from AndroidManifest.xml:9:13
action#android.intent.action.MAIN
ADDED from AndroidManifest.xml:10:17
	android:name
		ADDED from AndroidManifest.xml:10:25
category#android.intent.category.LAUNCHER
ADDED from AndroidManifest.xml:11:17
	android:name
		ADDED from AndroidManifest.xml:11:27
category#skylimit.face.THEME
ADDED from AndroidManifest.xml:12:17
	android:name
		ADDED from AndroidManifest.xml:12:27
uses-sdk
INJECTED from AndroidManifest.xml:0:0 reason: use-sdk injection requested
MERGED from com.android.support:palette-v7:21.0.2:15:5
MERGED from com.android.support:support-v4:21.0.2:15:5
MERGED from com.android.support:support-v4:21.0.2:15:5
MERGED from com.android.support:appcompat-v7:21.0.2:15:5
MERGED from com.android.support:support-v4:21.0.2:15:5
	android:targetSdkVersion
		INJECTED from AndroidManifest.xml:0:0
		INJECTED from AndroidManifest.xml:0:0
	android:minSdkVersion
		INJECTED from AndroidManifest.xml:0:0
		INJECTED from AndroidManifest.xml:0:0